98.04.09 20:28 A C:\GARY\MATLAB\SDM\README <-- maxwell.oce.orst.edu /home/ohm/home/MATLAB/EMTF/SDM README
98.04.09 20:28 A C:\GARY\MATLAB\SDM\can_coh.m <-- maxwell.oce.orst.edu /home/ohm/home/MATLAB/EMTF/SDM can_coh.m
98.04.09 20:28 A C:\GARY\MATLAB\SDM\cc_quit.m <-- maxwell.oce.orst.edu /home/ohm/home/MATLAB/EMTF/SDM cc_quit.m
98.04.09 20:28 A C:\GARY\MATLAB\SDM\ch_menu.m <-- maxwell.oce.orst.edu /home/ohm/home/MATLAB/EMTF/SDM ch_menu.m
98.04.09 20:28 A C:\GARY\MATLAB\SDM\ch_pair.m <-- maxwell.oce.orst.edu /home/ohm/home/MATLAB/EMTF/SDM ch_pair.m
98.04.09 20:28 A C:\GARY\MATLAB\SDM\evec.m <-- maxwell.oce.orst.edu /home/ohm/home/MATLAB/EMTF/SDM evec.m
98.04.09 20:28 A C:\GARY\MATLAB\SDM\evec_plt.m <-- maxwell.oce.orst.edu /home/ohm/home/MATLAB/EMTF/SDM evec_plt.m
98.04.09 20:28 A C:\GARY\MATLAB\SDM\evec_set.m <-- maxwell.oce.orst.edu /home/ohm/home/MATLAB/EMTF/SDM evec_set.m
98.04.09 20:28 A C:\GARY\MATLAB\SDM\evecmenu.m <-- maxwell.oce.orst.edu /home/ohm/home/MATLAB/EMTF/SDM evecmenu.m
98.04.09 20:28 A C:\GARY\MATLAB\SDM\evplt_HE.m <-- maxwell.oce.orst.edu /home/ohm/home/MATLAB/EMTF/SDM evplt_HE.m
98.04.09 20:28 A C:\GARY\MATLAB\SDM\find_ch.m <-- maxwell.oce.orst.edu /home/ohm/home/MATLAB/EMTF/SDM find_ch.m
98.04.09 20:28 A C:\GARY\MATLAB\SDM\get_ib.m <-- maxwell.oce.orst.edu /home/ohm/home/MATLAB/EMTF/SDM get_ib.m
98.04.09 20:28 A C:\GARY\MATLAB\SDM\ib_slide.m <-- maxwell.oce.orst.edu /home/ohm/home/MATLAB/EMTF/SDM ib_slide.m
98.04.09 20:28 A C:\GARY\MATLAB\SDM\plt_eval.m <-- maxwell.oce.orst.edu /home/ohm/home/MATLAB/EMTF/SDM plt_eval.m
98.04.09 20:28 A C:\GARY\MATLAB\SDM\plt_sig.m <-- maxwell.oce.orst.edu /home/ohm/home/MATLAB/EMTF/SDM plt_sig.m
98.04.09 20:28 A C:\GARY\MATLAB\SDM\plt_snr.m <-- maxwell.oce.orst.edu /home/ohm/home/MATLAB/EMTF/SDM plt_snr.m
98.04.09 20:28 A C:\GARY\MATLAB\SDM\quit_sdm.m <-- maxwell.oce.orst.edu /home/ohm/home/MATLAB/EMTF/SDM quit_sdm.m
98.04.09 20:28 A C:\GARY\MATLAB\SDM\sdm_plot.m <-- maxwell.oce.orst.edu /home/ohm/home/MATLAB/EMTF/SDM sdm_plot.m
98.04.09 20:28 A C:\GARY\MATLAB\SDM\sdm_plot.m~ <-- maxwell.oce.orst.edu /home/ohm/home/MATLAB/EMTF/SDM sdm_plot.m~
98.04.09 20:28 A C:\GARY\MATLAB\SDM\sdm_sub.m <-- maxwell.oce.orst.edu /home/ohm/home/MATLAB/EMTF/SDM sdm_sub.m
98.04.09 20:28 A C:\GARY\MATLAB\SDM\sing_s.m <-- maxwell.oce.orst.edu /home/ohm/home/MATLAB/EMTF/SDM sing_s.m
98.04.09 20:28 A C:\GARY\MATLAB\SDM\u_pair.m <-- maxwell.oce.orst.edu /home/ohm/home/MATLAB/EMTF/SDM u_pair.m
98.04.21 12:19 A C:\egbert\DOE\matlab_new\SDM\SDM\can_coh.m --> maxwell.oce.orst.edu /home/maxwell/progs/EMTF/matlab/SDM/SDM can_coh.m
98.04.21 12:19 A C:\egbert\DOE\matlab_new\SDM\SDM\cc_quit.m --> maxwell.oce.orst.edu /home/maxwell/progs/EMTF/matlab/SDM/SDM cc_quit.m
98.04.21 12:19 A C:\egbert\DOE\matlab_new\SDM\SDM\ch_menu.m --> maxwell.oce.orst.edu /home/maxwell/progs/EMTF/matlab/SDM/SDM ch_menu.m
98.04.21 12:19 A C:\egbert\DOE\matlab_new\SDM\SDM\ch_pair.m --> maxwell.oce.orst.edu /home/maxwell/progs/EMTF/matlab/SDM/SDM ch_pair.m
98.04.21 12:19 A C:\egbert\DOE\matlab_new\SDM\SDM\evec.m --> maxwell.oce.orst.edu /home/maxwell/progs/EMTF/matlab/SDM/SDM evec.m
98.04.21 12:19 A C:\egbert\DOE\matlab_new\SDM\SDM\evec_plt.m --> maxwell.oce.orst.edu /home/maxwell/progs/EMTF/matlab/SDM/SDM evec_plt.m
98.04.21 12:19 A C:\egbert\DOE\matlab_new\SDM\SDM\evec_set.m --> maxwell.oce.orst.edu /home/maxwell/progs/EMTF/matlab/SDM/SDM evec_set.m
98.04.21 12:19 A C:\egbert\DOE\matlab_new\SDM\SDM\evecmenu.m --> maxwell.oce.orst.edu /home/maxwell/progs/EMTF/matlab/SDM/SDM evecmenu.m
98.04.21 12:19 A C:\egbert\DOE\matlab_new\SDM\SDM\evplt_HE.m --> maxwell.oce.orst.edu /home/maxwell/progs/EMTF/matlab/SDM/SDM evplt_HE.m
98.04.21 12:19 A C:\egbert\DOE\matlab_new\SDM\SDM\find_ch.m --> maxwell.oce.orst.edu /home/maxwell/progs/EMTF/matlab/SDM/SDM find_ch.m
98.04.21 12:19 A C:\egbert\DOE\matlab_new\SDM\SDM\get_ib.m --> maxwell.oce.orst.edu /home/maxwell/progs/EMTF/matlab/SDM/SDM get_ib.m
98.04.21 12:19 A C:\egbert\DOE\matlab_new\SDM\SDM\ib_slide.m --> maxwell.oce.orst.edu /home/maxwell/progs/EMTF/matlab/SDM/SDM ib_slide.m
98.04.21 12:19 A C:\egbert\DOE\matlab_new\SDM\SDM\loadSdms.m --> maxwell.oce.orst.edu /home/maxwell/progs/EMTF/matlab/SDM/SDM loadSdms.m
98.04.21 12:19 A C:\egbert\DOE\matlab_new\SDM\SDM\plt_eval.m --> maxwell.oce.orst.edu /home/maxwell/progs/EMTF/matlab/SDM/SDM plt_eval.m
98.04.21 12:19 A C:\egbert\DOE\matlab_new\SDM\SDM\plt_sig.m --> maxwell.oce.orst.edu /home/maxwell/progs/EMTF/matlab/SDM/SDM plt_sig.m
98.04.21 12:19 A C:\egbert\DOE\matlab_new\SDM\SDM\plt_snr.m --> maxwell.oce.orst.edu /home/maxwell/progs/EMTF/matlab/SDM/SDM plt_snr.m
98.04.21 12:19 A C:\egbert\DOE\matlab_new\SDM\SDM\quit_sdm.m --> maxwell.oce.orst.edu /home/maxwell/progs/EMTF/matlab/SDM/SDM quit_sdm.m
98.04.21 12:19 A C:\egbert\DOE\matlab_new\SDM\SDM\README --> maxwell.oce.orst.edu /home/maxwell/progs/EMTF/matlab/SDM/SDM README
98.04.21 12:19 A C:\egbert\DOE\matlab_new\SDM\SDM\sdm_plot.m --> maxwell.oce.orst.edu /home/maxwell/progs/EMTF/matlab/SDM/SDM sdm_plot.m
98.04.21 12:19 A C:\egbert\DOE\matlab_new\SDM\SDM\sdm_plot.m~ --> maxwell.oce.orst.edu /home/maxwell/progs/EMTF/matlab/SDM/SDM sdm_plot.m~
98.04.21 12:19 A C:\egbert\DOE\matlab_new\SDM\SDM\sdm_sub.m --> maxwell.oce.orst.edu /home/maxwell/progs/EMTF/matlab/SDM/SDM sdm_sub.m
98.04.21 12:19 A C:\egbert\DOE\matlab_new\SDM\SDM\sing_s.m --> maxwell.oce.orst.edu /home/maxwell/progs/EMTF/matlab/SDM/SDM sing_s.m
98.04.21 12:19 A C:\egbert\DOE\matlab_new\SDM\SDM\u_pair.m --> maxwell.oce.orst.edu /home/maxwell/progs/EMTF/matlab/SDM/SDM u_pair.m
98.07.02 17:46 A C:\egbert\SDM\SDM\WS_FTP.LOG <-- maxwell /home/maxwell/progs/EMTF/matlab/SDM/SDM WS_FTP.LOG
98.07.09 16:02 A C:\egbert\SDM\SDM\can_coh.m --> maxwell.oce.orst.edu /home/maxwell/progs/EMTF/matlab/SDM/SDM can_coh.m
98.07.09 16:02 A C:\egbert\SDM\SDM\cc_quit.m --> maxwell.oce.orst.edu /home/maxwell/progs/EMTF/matlab/SDM/SDM cc_quit.m
98.07.09 16:02 A C:\egbert\SDM\SDM\ch_menu.m --> maxwell.oce.orst.edu /home/maxwell/progs/EMTF/matlab/SDM/SDM ch_menu.m
98.07.09 16:02 A C:\egbert\SDM\SDM\ch_pair.m --> maxwell.oce.orst.edu /home/maxwell/progs/EMTF/matlab/SDM/SDM ch_pair.m
98.07.09 16:02 A C:\egbert\SDM\SDM\evec.m --> maxwell.oce.orst.edu /home/maxwell/progs/EMTF/matlab/SDM/SDM evec.m
98.07.09 16:02 A C:\egbert\SDM\SDM\evec_plt.m --> maxwell.oce.orst.edu /home/maxwell/progs/EMTF/matlab/SDM/SDM evec_plt.m
98.07.09 16:02 A C:\egbert\SDM\SDM\evec_set.m --> maxwell.oce.orst.edu /home/maxwell/progs/EMTF/matlab/SDM/SDM evec_set.m
98.07.09 16:02 A C:\egbert\SDM\SDM\evecmenu.m --> maxwell.oce.orst.edu /home/maxwell/progs/EMTF/matlab/SDM/SDM evecmenu.m
98.07.09 16:02 A C:\egbert\SDM\SDM\evplt_HE.m --> maxwell.oce.orst.edu /home/maxwell/progs/EMTF/matlab/SDM/SDM evplt_HE.m
98.07.09 16:02 A C:\egbert\SDM\SDM\find_ch.m --> maxwell.oce.orst.edu /home/maxwell/progs/EMTF/matlab/SDM/SDM find_ch.m
98.07.09 16:02 A C:\egbert\SDM\SDM\get_ib.m --> maxwell.oce.orst.edu /home/maxwell/progs/EMTF/matlab/SDM/SDM get_ib.m
98.07.09 16:02 A C:\egbert\SDM\SDM\ib_slide.m --> maxwell.oce.orst.edu /home/maxwell/progs/EMTF/matlab/SDM/SDM ib_slide.m
98.07.09 16:02 A C:\egbert\SDM\SDM\loadSdms.m --> maxwell.oce.orst.edu /home/maxwell/progs/EMTF/matlab/SDM/SDM loadSdms.m
98.07.09 16:02 A C:\egbert\SDM\SDM\plt_eval.m --> maxwell.oce.orst.edu /home/maxwell/progs/EMTF/matlab/SDM/SDM plt_eval.m
98.07.09 16:02 A C:\egbert\SDM\SDM\plt_sig.m --> maxwell.oce.orst.edu /home/maxwell/progs/EMTF/matlab/SDM/SDM plt_sig.m
98.07.09 16:02 A C:\egbert\SDM\SDM\plt_snr.m --> maxwell.oce.orst.edu /home/maxwell/progs/EMTF/matlab/SDM/SDM plt_snr.m
98.07.09 16:02 A C:\egbert\SDM\SDM\quit_sdm.m --> maxwell.oce.orst.edu /home/maxwell/progs/EMTF/matlab/SDM/SDM quit_sdm.m
98.07.09 16:02 A C:\egbert\SDM\SDM\README --> maxwell.oce.orst.edu /home/maxwell/progs/EMTF/matlab/SDM/SDM README
98.07.09 16:02 A C:\egbert\SDM\SDM\sdm_plot.m --> maxwell.oce.orst.edu /home/maxwell/progs/EMTF/matlab/SDM/SDM sdm_plot.m
98.07.09 16:02 A C:\egbert\SDM\SDM\sdm_plot.m~ --> maxwell.oce.orst.edu /home/maxwell/progs/EMTF/matlab/SDM/SDM sdm_plot.m~
98.07.09 16:02 A C:\egbert\SDM\SDM\sdm_sub.m --> maxwell.oce.orst.edu /home/maxwell/progs/EMTF/matlab/SDM/SDM sdm_sub.m
98.07.09 16:02 A C:\egbert\SDM\SDM\sing_s.m --> maxwell.oce.orst.edu /home/maxwell/progs/EMTF/matlab/SDM/SDM sing_s.m
98.07.09 16:02 A C:\egbert\SDM\SDM\u_pair.m --> maxwell.oce.orst.edu /home/maxwell/progs/EMTF/matlab/SDM/SDM u_pair.m
