98.04.09 20:28 A C:\GARY\MATLAB\SDM\README <-- maxwell.oce.orst.edu /home/ohm/home/MATLAB/EMTF/SDM README
98.04.09 20:28 A C:\GARY\MATLAB\SDM\can_coh.m <-- maxwell.oce.orst.edu /home/ohm/home/MATLAB/EMTF/SDM can_coh.m
98.04.09 20:28 A C:\GARY\MATLAB\SDM\cc_quit.m <-- maxwell.oce.orst.edu /home/ohm/home/MATLAB/EMTF/SDM cc_quit.m
98.04.09 20:28 A C:\GARY\MATLAB\SDM\ch_menu.m <-- maxwell.oce.orst.edu /home/ohm/home/MATLAB/EMTF/SDM ch_menu.m
98.04.09 20:28 A C:\GARY\MATLAB\SDM\ch_pair.m <-- maxwell.oce.orst.edu /home/ohm/home/MATLAB/EMTF/SDM ch_pair.m
98.04.09 20:28 A C:\GARY\MATLAB\SDM\evec.m <-- maxwell.oce.orst.edu /home/ohm/home/MATLAB/EMTF/SDM evec.m
98.04.09 20:28 A C:\GARY\MATLAB\SDM\evec_plt.m <-- maxwell.oce.orst.edu /home/ohm/home/MATLAB/EMTF/SDM evec_plt.m
98.04.09 20:28 A C:\GARY\MATLAB\SDM\evec_set.m <-- maxwell.oce.orst.edu /home/ohm/home/MATLAB/EMTF/SDM evec_set.m
98.04.09 20:28 A C:\GARY\MATLAB\SDM\evecmenu.m <-- maxwell.oce.orst.edu /home/ohm/home/MATLAB/EMTF/SDM evecmenu.m
98.04.09 20:28 A C:\GARY\MATLAB\SDM\evplt_HE.m <-- maxwell.oce.orst.edu /home/ohm/home/MATLAB/EMTF/SDM evplt_HE.m
98.04.09 20:28 A C:\GARY\MATLAB\SDM\find_ch.m <-- maxwell.oce.orst.edu /home/ohm/home/MATLAB/EMTF/SDM find_ch.m
98.04.09 20:28 A C:\GARY\MATLAB\SDM\get_ib.m <-- maxwell.oce.orst.edu /home/ohm/home/MATLAB/EMTF/SDM get_ib.m
98.04.09 20:28 A C:\GARY\MATLAB\SDM\ib_slide.m <-- maxwell.oce.orst.edu /home/ohm/home/MATLAB/EMTF/SDM ib_slide.m
98.04.09 20:28 A C:\GARY\MATLAB\SDM\plt_eval.m <-- maxwell.oce.orst.edu /home/ohm/home/MATLAB/EMTF/SDM plt_eval.m
98.04.09 20:28 A C:\GARY\MATLAB\SDM\plt_sig.m <-- maxwell.oce.orst.edu /home/ohm/home/MATLAB/EMTF/SDM plt_sig.m
98.04.09 20:28 A C:\GARY\MATLAB\SDM\plt_snr.m <-- maxwell.oce.orst.edu /home/ohm/home/MATLAB/EMTF/SDM plt_snr.m
98.04.09 20:28 A C:\GARY\MATLAB\SDM\quit_sdm.m <-- maxwell.oce.orst.edu /home/ohm/home/MATLAB/EMTF/SDM quit_sdm.m
98.04.09 20:28 A C:\GARY\MATLAB\SDM\sdm_plot.m <-- maxwell.oce.orst.edu /home/ohm/home/MATLAB/EMTF/SDM sdm_plot.m
98.04.09 20:28 A C:\GARY\MATLAB\SDM\sdm_plot.m~ <-- maxwell.oce.orst.edu /home/ohm/home/MATLAB/EMTF/SDM sdm_plot.m~
98.04.09 20:28 A C:\GARY\MATLAB\SDM\sdm_sub.m <-- maxwell.oce.orst.edu /home/ohm/home/MATLAB/EMTF/SDM sdm_sub.m
98.04.09 20:28 A C:\GARY\MATLAB\SDM\sing_s.m <-- maxwell.oce.orst.edu /home/ohm/home/MATLAB/EMTF/SDM sing_s.m
98.04.09 20:28 A C:\GARY\MATLAB\SDM\u_pair.m <-- maxwell.oce.orst.edu /home/ohm/home/MATLAB/EMTF/SDM u_pair.m
98.04.21 12:19 A C:\egbert\DOE\matlab_new\SDM\can_coh.m --> maxwell.oce.orst.edu /home/maxwell/progs/EMTF/matlab/SDM can_coh.m
98.04.21 12:19 A C:\egbert\DOE\matlab_new\SDM\cc_quit.m --> maxwell.oce.orst.edu /home/maxwell/progs/EMTF/matlab/SDM cc_quit.m
98.04.21 12:19 A C:\egbert\DOE\matlab_new\SDM\ch_menu.m --> maxwell.oce.orst.edu /home/maxwell/progs/EMTF/matlab/SDM ch_menu.m
98.04.21 12:19 A C:\egbert\DOE\matlab_new\SDM\ch_pair.m --> maxwell.oce.orst.edu /home/maxwell/progs/EMTF/matlab/SDM ch_pair.m
98.04.21 12:19 A C:\egbert\DOE\matlab_new\SDM\evec.m --> maxwell.oce.orst.edu /home/maxwell/progs/EMTF/matlab/SDM evec.m
98.04.21 12:19 A C:\egbert\DOE\matlab_new\SDM\evec_plt.m --> maxwell.oce.orst.edu /home/maxwell/progs/EMTF/matlab/SDM evec_plt.m
98.04.21 12:19 A C:\egbert\DOE\matlab_new\SDM\evec_set.m --> maxwell.oce.orst.edu /home/maxwell/progs/EMTF/matlab/SDM evec_set.m
98.04.21 12:19 A C:\egbert\DOE\matlab_new\SDM\evecmenu.m --> maxwell.oce.orst.edu /home/maxwell/progs/EMTF/matlab/SDM evecmenu.m
98.04.21 12:19 A C:\egbert\DOE\matlab_new\SDM\evplt_HE.m --> maxwell.oce.orst.edu /home/maxwell/progs/EMTF/matlab/SDM evplt_HE.m
98.04.21 12:19 A C:\egbert\DOE\matlab_new\SDM\find_ch.m --> maxwell.oce.orst.edu /home/maxwell/progs/EMTF/matlab/SDM find_ch.m
98.04.21 12:19 A C:\egbert\DOE\matlab_new\SDM\get_ib.m --> maxwell.oce.orst.edu /home/maxwell/progs/EMTF/matlab/SDM get_ib.m
98.04.21 12:19 A C:\egbert\DOE\matlab_new\SDM\ib_slide.m --> maxwell.oce.orst.edu /home/maxwell/progs/EMTF/matlab/SDM ib_slide.m
98.04.21 12:19 A C:\egbert\DOE\matlab_new\SDM\loadSdms.m --> maxwell.oce.orst.edu /home/maxwell/progs/EMTF/matlab/SDM loadSdms.m
98.04.21 12:19 A C:\egbert\DOE\matlab_new\SDM\orthp2nd.m --> maxwell.oce.orst.edu /home/maxwell/progs/EMTF/matlab/SDM orthp2nd.m
98.04.21 12:19 A C:\egbert\DOE\matlab_new\SDM\plt_eval.m --> maxwell.oce.orst.edu /home/maxwell/progs/EMTF/matlab/SDM plt_eval.m
98.04.21 12:19 A C:\egbert\DOE\matlab_new\SDM\plt_sig.m --> maxwell.oce.orst.edu /home/maxwell/progs/EMTF/matlab/SDM plt_sig.m
98.04.21 12:19 A C:\egbert\DOE\matlab_new\SDM\plt_snr.m --> maxwell.oce.orst.edu /home/maxwell/progs/EMTF/matlab/SDM plt_snr.m
98.04.21 12:19 A C:\egbert\DOE\matlab_new\SDM\quit_sdm.m --> maxwell.oce.orst.edu /home/maxwell/progs/EMTF/matlab/SDM quit_sdm.m
98.04.21 12:19 A C:\egbert\DOE\matlab_new\SDM\README --> maxwell.oce.orst.edu /home/maxwell/progs/EMTF/matlab/SDM README
98.04.21 12:19 A C:\egbert\DOE\matlab_new\SDM\sdm_plot.m --> maxwell.oce.orst.edu /home/maxwell/progs/EMTF/matlab/SDM sdm_plot.m
98.04.21 12:19 A C:\egbert\DOE\matlab_new\SDM\sdm_plot.m~ --> maxwell.oce.orst.edu /home/maxwell/progs/EMTF/matlab/SDM sdm_plot.m~
98.04.21 12:19 A C:\egbert\DOE\matlab_new\SDM\sdm_sub.m --> maxwell.oce.orst.edu /home/maxwell/progs/EMTF/matlab/SDM sdm_sub.m
98.04.21 12:19 A C:\egbert\DOE\matlab_new\SDM\sdmstruc.m --> maxwell.oce.orst.edu /home/maxwell/progs/EMTF/matlab/SDM sdmstruc.m
98.04.21 12:19 A C:\egbert\DOE\matlab_new\SDM\sing_s.m --> maxwell.oce.orst.edu /home/maxwell/progs/EMTF/matlab/SDM sing_s.m
98.04.21 12:19 A C:\egbert\DOE\matlab_new\SDM\u_pair.m --> maxwell.oce.orst.edu /home/maxwell/progs/EMTF/matlab/SDM u_pair.m
98.07.02 17:46 A C:\egbert\SDM\WS_FTP.LOG <-- maxwell /home/maxwell/progs/EMTF/matlab/SDM WS_FTP.LOG
98.07.09 16:02 A C:\egbert\SDM\boxInd.m --> maxwell.oce.orst.edu /home/maxwell/progs/EMTF/matlab/SDM boxInd.m
98.07.09 16:02 A C:\egbert\SDM\can_coh.m --> maxwell.oce.orst.edu /home/maxwell/progs/EMTF/matlab/SDM can_coh.m
98.07.09 16:02 A C:\egbert\SDM\cc_quit.m --> maxwell.oce.orst.edu /home/maxwell/progs/EMTF/matlab/SDM cc_quit.m
98.07.09 16:02 A C:\egbert\SDM\ch_menu.m --> maxwell.oce.orst.edu /home/maxwell/progs/EMTF/matlab/SDM ch_menu.m
98.07.09 16:02 A C:\egbert\SDM\ch_pair.m --> maxwell.oce.orst.edu /home/maxwell/progs/EMTF/matlab/SDM ch_pair.m
98.07.09 16:02 A C:\egbert\SDM\chkfit.m --> maxwell.oce.orst.edu /home/maxwell/progs/EMTF/matlab/SDM chkfit.m
98.07.09 16:02 A C:\egbert\SDM\Cor_plot.m --> maxwell.oce.orst.edu /home/maxwell/progs/EMTF/matlab/SDM Cor_plot.m
98.07.09 16:02 A C:\egbert\SDM\corr.m --> maxwell.oce.orst.edu /home/maxwell/progs/EMTF/matlab/SDM corr.m
98.07.09 16:02 A C:\egbert\SDM\CorrAdd.m --> maxwell.oce.orst.edu /home/maxwell/progs/EMTF/matlab/SDM CorrAdd.m
98.07.09 16:02 A C:\egbert\SDM\corrmenu.m --> maxwell.oce.orst.edu /home/maxwell/progs/EMTF/matlab/SDM corrmenu.m
98.07.09 16:02 A C:\egbert\SDM\eigSM.m --> maxwell.oce.orst.edu /home/maxwell/progs/EMTF/matlab/SDM eigSM.m
98.07.09 16:02 A C:\egbert\SDM\eigSMcbk.m --> maxwell.oce.orst.edu /home/maxwell/progs/EMTF/matlab/SDM eigSMcbk.m
98.07.09 16:02 A C:\egbert\SDM\eigSMchk.m --> maxwell.oce.orst.edu /home/maxwell/progs/EMTF/matlab/SDM eigSMchk.m
98.07.09 16:02 A C:\egbert\SDM\eigSMfit.m --> maxwell.oce.orst.edu /home/maxwell/progs/EMTF/matlab/SDM eigSMfit.m
98.07.09 16:02 A C:\egbert\SDM\eigSMplt.m --> maxwell.oce.orst.edu /home/maxwell/progs/EMTF/matlab/SDM eigSMplt.m
98.07.09 16:02 A C:\egbert\SDM\eigSMset.m --> maxwell.oce.orst.edu /home/maxwell/progs/EMTF/matlab/SDM eigSMset.m
98.07.09 16:02 A C:\egbert\SDM\eigsmth.m --> maxwell.oce.orst.edu /home/maxwell/progs/EMTF/matlab/SDM eigsmth.m
98.07.09 16:02 A C:\egbert\SDM\eigTF.m --> maxwell.oce.orst.edu /home/maxwell/progs/EMTF/matlab/SDM eigTF.m
98.07.09 16:02 A C:\egbert\SDM\evec.m --> maxwell.oce.orst.edu /home/maxwell/progs/EMTF/matlab/SDM evec.m
98.07.09 16:02 A C:\egbert\SDM\evec_plt.m --> maxwell.oce.orst.edu /home/maxwell/progs/EMTF/matlab/SDM evec_plt.m
98.07.09 16:02 A C:\egbert\SDM\evec_set.m --> maxwell.oce.orst.edu /home/maxwell/progs/EMTF/matlab/SDM evec_set.m
98.07.09 16:02 A C:\egbert\SDM\evecCbk.m --> maxwell.oce.orst.edu /home/maxwell/progs/EMTF/matlab/SDM evecCbk.m
98.07.09 16:02 A C:\egbert\SDM\evecmenu.m --> maxwell.oce.orst.edu /home/maxwell/progs/EMTF/matlab/SDM evecmenu.m
98.07.09 16:02 A C:\egbert\SDM\evplt_HE.m --> maxwell.oce.orst.edu /home/maxwell/progs/EMTF/matlab/SDM evplt_HE.m
98.07.09 16:02 A C:\egbert\SDM\find_ch.m --> maxwell.oce.orst.edu /home/maxwell/progs/EMTF/matlab/SDM find_ch.m
98.07.09 16:02 A C:\egbert\SDM\get_ib.m --> maxwell.oce.orst.edu /home/maxwell/progs/EMTF/matlab/SDM get_ib.m
98.07.09 16:02 A C:\egbert\SDM\ib_slide.m --> maxwell.oce.orst.edu /home/maxwell/progs/EMTF/matlab/SDM ib_slide.m
98.07.09 16:02 A C:\egbert\SDM\index.m --> maxwell.oce.orst.edu /home/maxwell/progs/EMTF/matlab/SDM index.m
98.07.09 16:02 A C:\egbert\SDM\loadsdms.m --> maxwell.oce.orst.edu /home/maxwell/progs/EMTF/matlab/SDM loadsdms.m
98.07.09 16:02 A C:\egbert\SDM\MsftSmth.m --> maxwell.oce.orst.edu /home/maxwell/progs/EMTF/matlab/SDM MsftSmth.m
98.07.09 16:02 A C:\egbert\SDM\mvcorr.m --> maxwell.oce.orst.edu /home/maxwell/progs/EMTF/matlab/SDM mvcorr.m
98.07.09 16:02 A C:\egbert\SDM\orthp2nd.m --> maxwell.oce.orst.edu /home/maxwell/progs/EMTF/matlab/SDM orthp2nd.m
98.07.09 16:02 A C:\egbert\SDM\plt_eval.m --> maxwell.oce.orst.edu /home/maxwell/progs/EMTF/matlab/SDM plt_eval.m
98.07.09 16:02 A C:\egbert\SDM\plt_sig.m --> maxwell.oce.orst.edu /home/maxwell/progs/EMTF/matlab/SDM plt_sig.m
98.07.09 16:02 A C:\egbert\SDM\plt_snr.m --> maxwell.oce.orst.edu /home/maxwell/progs/EMTF/matlab/SDM plt_snr.m
98.07.09 16:02 A C:\egbert\SDM\plt_TF_smth.m --> maxwell.oce.orst.edu /home/maxwell/progs/EMTF/matlab/SDM plt_TF_smth.m
98.07.09 16:02 A C:\egbert\SDM\quit_sdm.m --> maxwell.oce.orst.edu /home/maxwell/progs/EMTF/matlab/SDM quit_sdm.m
98.07.09 16:02 A C:\egbert\SDM\README --> maxwell.oce.orst.edu /home/maxwell/progs/EMTF/matlab/SDM README
98.07.09 16:02 A C:\egbert\SDM\sdm_plot.m --> maxwell.oce.orst.edu /home/maxwell/progs/EMTF/matlab/SDM sdm_plot.m
98.07.09 16:02 A C:\egbert\SDM\sdm_plot.m~ --> maxwell.oce.orst.edu /home/maxwell/progs/EMTF/matlab/SDM sdm_plot.m~
98.07.09 16:02 A C:\egbert\SDM\sdm_sub.m --> maxwell.oce.orst.edu /home/maxwell/progs/EMTF/matlab/SDM sdm_sub.m
98.07.09 16:02 A C:\egbert\SDM\sdmstruc.m --> maxwell.oce.orst.edu /home/maxwell/progs/EMTF/matlab/SDM sdmstruc.m
98.07.09 16:02 A C:\egbert\SDM\SetCorCh.m --> maxwell.oce.orst.edu /home/maxwell/progs/EMTF/matlab/SDM SetCorCh.m
98.07.09 16:02 A C:\egbert\SDM\setscls.m --> maxwell.oce.orst.edu /home/maxwell/progs/EMTF/matlab/SDM setscls.m
98.07.09 16:02 A C:\egbert\SDM\sing_s.m --> maxwell.oce.orst.edu /home/maxwell/progs/EMTF/matlab/SDM sing_s.m
98.07.09 16:02 A C:\egbert\SDM\u_pair.m --> maxwell.oce.orst.edu /home/maxwell/progs/EMTF/matlab/SDM u_pair.m
98.07.09 16:02 A C:\egbert\SDM\UVall.m --> maxwell.oce.orst.edu /home/maxwell/progs/EMTF/matlab/SDM UVall.m
98.07.09 16:02 A C:\egbert\SDM\UVest.m --> maxwell.oce.orst.edu /home/maxwell/progs/EMTF/matlab/SDM UVest.m
98.07.09 16:02 A C:\egbert\SDM\UVplot.m --> maxwell.oce.orst.edu /home/maxwell/progs/EMTF/matlab/SDM UVplot.m
98.07.09 16:02 A C:\egbert\SDM\UVset.m --> maxwell.oce.orst.edu /home/maxwell/progs/EMTF/matlab/SDM UVset.m
98.07.09 16:02 A C:\egbert\SDM\VECplot.m --> maxwell.oce.orst.edu /home/maxwell/progs/EMTF/matlab/SDM VECplot.m
