97.12.02 17:43 B C:\egbert\EQARRAY\TVAR\clean_chk_plt.m <-- maxwell /home/ohm/home/MATLAB/TVAR clean_chk_plt.m
97.12.02 17:43 B C:\egbert\EQARRAY\TVAR\clean_fc.m <-- maxwell /home/ohm/home/MATLAB/TVAR clean_fc.m
97.12.02 17:43 B C:\egbert\EQARRAY\TVAR\clean_test.m <-- maxwell /home/ohm/home/MATLAB/TVAR clean_test.m
97.12.02 17:43 B C:\egbert\EQARRAY\TVAR\fc_get.m <-- maxwell /home/ohm/home/MATLAB/TVAR fc_get.m
97.12.02 17:43 B C:\egbert\EQARRAY\TVAR\fc_open.m <-- maxwell /home/ohm/home/MATLAB/TVAR fc_open.m
97.12.02 17:43 B C:\egbert\EQARRAY\TVAR\get_isets.m <-- maxwell /home/ohm/home/MATLAB/TVAR get_isets.m
97.12.02 17:43 B C:\egbert\EQARRAY\TVAR\iband1.mat <-- maxwell /home/ohm/home/MATLAB/TVAR iband1.mat
97.12.02 17:43 B C:\egbert\EQARRAY\TVAR\mk_isets.m <-- maxwell /home/ohm/home/MATLAB/TVAR mk_isets.m
97.12.02 17:43 B C:\egbert\EQARRAY\TVAR\mk_P.m <-- maxwell /home/ohm/home/MATLAB/TVAR mk_P.m
97.12.02 17:43 B C:\egbert\EQARRAY\TVAR\mk_start_freqs.m <-- maxwell /home/ohm/home/MATLAB/TVAR mk_start_freqs.m
97.12.02 17:43 B C:\egbert\EQARRAY\TVAR\mk_W.m <-- maxwell /home/ohm/home/MATLAB/TVAR mk_W.m
97.12.02 17:43 B C:\egbert\EQARRAY\TVAR\mod.m <-- maxwell /home/ohm/home/MATLAB/TVAR mod.m
97.12.02 17:43 B C:\egbert\EQARRAY\TVAR\plot_pwr.m <-- maxwell /home/ohm/home/MATLAB/TVAR plot_pwr.m
97.12.02 17:43 B C:\egbert\EQARRAY\TVAR\plot_pwr.m~ <-- maxwell /home/ohm/home/MATLAB/TVAR plot_pwr.m~
97.12.02 17:43 B C:\egbert\EQARRAY\TVAR\plot_res.m <-- maxwell /home/ohm/home/MATLAB/TVAR plot_res.m
97.12.02 17:43 B C:\egbert\EQARRAY\TVAR\plot_spec.m <-- maxwell /home/ohm/home/MATLAB/TVAR plot_spec.m
97.12.02 17:43 B C:\egbert\EQARRAY\TVAR\plot_spec.m~~ <-- maxwell /home/ohm/home/MATLAB/TVAR plot_spec.m~~
97.12.02 17:43 B C:\egbert\EQARRAY\TVAR\plotfcamp.m <-- maxwell /home/ohm/home/MATLAB/TVAR plotfcamp.m
97.12.02 17:43 B C:\egbert\EQARRAY\TVAR\resid_setup.m <-- maxwell /home/ohm/home/MATLAB/TVAR resid_setup.m
97.12.02 17:43 B C:\egbert\EQARRAY\TVAR\run_stack_days.m <-- maxwell /home/ohm/home/MATLAB/TVAR run_stack_days.m
97.12.02 17:43 B C:\egbert\EQARRAY\TVAR\S_stack.m <-- maxwell /home/ohm/home/MATLAB/TVAR S_stack.m
97.12.02 17:43 B C:\egbert\EQARRAY\TVAR\stack_days.m <-- maxwell /home/ohm/home/MATLAB/TVAR stack_days.m
97.12.02 17:43 B C:\egbert\EQARRAY\TVAR\stack_days.m~ <-- maxwell /home/ohm/home/MATLAB/TVAR stack_days.m~
97.12.02 17:43 B C:\egbert\EQARRAY\TVAR\tvar.m <-- maxwell /home/ohm/home/MATLAB/TVAR tvar.m
97.12.02 17:43 B C:\egbert\EQARRAY\TVAR\tvar.m~ <-- maxwell /home/ohm/home/MATLAB/TVAR tvar.m~
97.12.02 17:43 B C:\egbert\EQARRAY\TVAR\tvar_temp.m <-- maxwell /home/ohm/home/MATLAB/TVAR tvar_temp.m
97.12.02 17:43 B C:\egbert\EQARRAY\TVAR\tvar_test.m <-- maxwell /home/ohm/home/MATLAB/TVAR tvar_test.m
97.12.02 17:43 B C:\egbert\EQARRAY\TVAR\U_interp.m <-- maxwell /home/ohm/home/MATLAB/TVAR U_interp.m
97.12.02 17:43 B C:\egbert\EQARRAY\TVAR\U_set.m <-- maxwell /home/ohm/home/MATLAB/TVAR U_set.m
97.12.02 17:43 B C:\egbert\EQARRAY\TVAR\unpack.m <-- maxwell /home/ohm/home/MATLAB/TVAR unpack.m
97.12.04 09:04 B C:\egbert\EQARRAY\TVAR\clean_chk_plt.m --> maxwell.oce.orst.edu /home/ohm/data/egbert/EQARRAY/PLOTS/EQARRAY/TVAR clean_chk_plt.m
97.12.04 09:04 B C:\egbert\EQARRAY\TVAR\clean_fc.m --> maxwell.oce.orst.edu /home/ohm/data/egbert/EQARRAY/PLOTS/EQARRAY/TVAR clean_fc.m
97.12.04 09:04 B C:\egbert\EQARRAY\TVAR\clean_test.m --> maxwell.oce.orst.edu /home/ohm/data/egbert/EQARRAY/PLOTS/EQARRAY/TVAR clean_test.m
97.12.04 09:04 B C:\egbert\EQARRAY\TVAR\fc_get.m --> maxwell.oce.orst.edu /home/ohm/data/egbert/EQARRAY/PLOTS/EQARRAY/TVAR fc_get.m
97.12.04 09:04 B C:\egbert\EQARRAY\TVAR\fc_open.m --> maxwell.oce.orst.edu /home/ohm/data/egbert/EQARRAY/PLOTS/EQARRAY/TVAR fc_open.m
97.12.04 09:04 B C:\egbert\EQARRAY\TVAR\get_isets.m --> maxwell.oce.orst.edu /home/ohm/data/egbert/EQARRAY/PLOTS/EQARRAY/TVAR get_isets.m
97.12.04 09:04 B C:\egbert\EQARRAY\TVAR\iband1.mat --> maxwell.oce.orst.edu /home/ohm/data/egbert/EQARRAY/PLOTS/EQARRAY/TVAR iband1.mat
97.12.04 09:04 B C:\egbert\EQARRAY\TVAR\mk_isets.m --> maxwell.oce.orst.edu /home/ohm/data/egbert/EQARRAY/PLOTS/EQARRAY/TVAR mk_isets.m
97.12.04 09:04 B C:\egbert\EQARRAY\TVAR\mk_P.m --> maxwell.oce.orst.edu /home/ohm/data/egbert/EQARRAY/PLOTS/EQARRAY/TVAR mk_P.m
97.12.04 09:04 B C:\egbert\EQARRAY\TVAR\mk_start_freqs.m --> maxwell.oce.orst.edu /home/ohm/data/egbert/EQARRAY/PLOTS/EQARRAY/TVAR mk_start_freqs.m
97.12.04 09:04 B C:\egbert\EQARRAY\TVAR\mk_W.m --> maxwell.oce.orst.edu /home/ohm/data/egbert/EQARRAY/PLOTS/EQARRAY/TVAR mk_W.m
97.12.04 09:04 B C:\egbert\EQARRAY\TVAR\mod.m --> maxwell.oce.orst.edu /home/ohm/data/egbert/EQARRAY/PLOTS/EQARRAY/TVAR mod.m
97.12.04 09:04 B C:\egbert\EQARRAY\TVAR\plot_pwr.m --> maxwell.oce.orst.edu /home/ohm/data/egbert/EQARRAY/PLOTS/EQARRAY/TVAR plot_pwr.m
97.12.04 09:04 B C:\egbert\EQARRAY\TVAR\plot_pwr.m~ --> maxwell.oce.orst.edu /home/ohm/data/egbert/EQARRAY/PLOTS/EQARRAY/TVAR plot_pwr.m~
97.12.04 09:04 B C:\egbert\EQARRAY\TVAR\plot_res.m --> maxwell.oce.orst.edu /home/ohm/data/egbert/EQARRAY/PLOTS/EQARRAY/TVAR plot_res.m
97.12.04 09:04 B C:\egbert\EQARRAY\TVAR\plot_spec.m --> maxwell.oce.orst.edu /home/ohm/data/egbert/EQARRAY/PLOTS/EQARRAY/TVAR plot_spec.m
97.12.04 09:04 B C:\egbert\EQARRAY\TVAR\plot_spec.m~~ --> maxwell.oce.orst.edu /home/ohm/data/egbert/EQARRAY/PLOTS/EQARRAY/TVAR plot_spec.m~~
97.12.04 09:04 B C:\egbert\EQARRAY\TVAR\plotfcamp.m --> maxwell.oce.orst.edu /home/ohm/data/egbert/EQARRAY/PLOTS/EQARRAY/TVAR plotfcamp.m
97.12.04 09:04 B C:\egbert\EQARRAY\TVAR\resid_setup.m --> maxwell.oce.orst.edu /home/ohm/data/egbert/EQARRAY/PLOTS/EQARRAY/TVAR resid_setup.m
97.12.04 09:04 B C:\egbert\EQARRAY\TVAR\run_stack_days.m --> maxwell.oce.orst.edu /home/ohm/data/egbert/EQARRAY/PLOTS/EQARRAY/TVAR run_stack_days.m
97.12.04 09:04 B C:\egbert\EQARRAY\TVAR\S_stack.m --> maxwell.oce.orst.edu /home/ohm/data/egbert/EQARRAY/PLOTS/EQARRAY/TVAR S_stack.m
97.12.04 09:04 B C:\egbert\EQARRAY\TVAR\stack_days.m --> maxwell.oce.orst.edu /home/ohm/data/egbert/EQARRAY/PLOTS/EQARRAY/TVAR stack_days.m
97.12.04 09:04 B C:\egbert\EQARRAY\TVAR\stack_days.m~ --> maxwell.oce.orst.edu /home/ohm/data/egbert/EQARRAY/PLOTS/EQARRAY/TVAR stack_days.m~
97.12.04 09:04 B C:\egbert\EQARRAY\TVAR\tvar.m --> maxwell.oce.orst.edu /home/ohm/data/egbert/EQARRAY/PLOTS/EQARRAY/TVAR tvar.m
97.12.04 09:04 B C:\egbert\EQARRAY\TVAR\tvar.m~ --> maxwell.oce.orst.edu /home/ohm/data/egbert/EQARRAY/PLOTS/EQARRAY/TVAR tvar.m~
97.12.04 09:04 B C:\egbert\EQARRAY\TVAR\tvar_temp.m --> maxwell.oce.orst.edu /home/ohm/data/egbert/EQARRAY/PLOTS/EQARRAY/TVAR tvar_temp.m
97.12.04 09:04 B C:\egbert\EQARRAY\TVAR\tvar_test.m --> maxwell.oce.orst.edu /home/ohm/data/egbert/EQARRAY/PLOTS/EQARRAY/TVAR tvar_test.m
97.12.04 09:04 B C:\egbert\EQARRAY\TVAR\U_interp.m --> maxwell.oce.orst.edu /home/ohm/data/egbert/EQARRAY/PLOTS/EQARRAY/TVAR U_interp.m
97.12.04 09:04 B C:\egbert\EQARRAY\TVAR\U_set.m --> maxwell.oce.orst.edu /home/ohm/data/egbert/EQARRAY/PLOTS/EQARRAY/TVAR U_set.m
97.12.04 09:04 B C:\egbert\EQARRAY\TVAR\unpack.m --> maxwell.oce.orst.edu /home/ohm/data/egbert/EQARRAY/PLOTS/EQARRAY/TVAR unpack.m
